<?xml version="1.0" encoding="UTF-8" ?>
<testsuite errors="1" failures="0" hostname="Abhisheks-MBP.wv.cc.cmu.edu" name="test.Junit_Feature_Model_Operation" tests="1" time="0.0" timestamp="2014-07-10T21:35:49">
  <properties>
    <property name="file.encoding.pkg" value="sun.io" />
    <property name="org.osgi.framework.executionenvironment" value="OSGi/Minimum-1.0,OSGi/Minimum-1.1,OSGi/Minimum-1.2,JRE-1.1,J2SE-1.2,J2SE-1.3,J2SE-1.4,J2SE-1.5,JavaSE-1.6,JavaSE-1.7" />
    <property name="osgi.framework" value="file:/Users/abhisheksharma/Documents/Eclipse_Nist/plugins/org.eclipse.osgi_3.9.1.v20140110-1610.jar" />
    <property name="java.home" value="/Library/Java/JavaVirtualMachines/jdk1.7.0_45.jdk/Contents/Home/jre" />
    <property name="eclipse.application" value="org.eclipse.ui.ide.workbench" />
    <property name="env.DISPLAY" value="/private/tmp/com.apple.launchd.8uPqM7zZvO/org.macosforge.xquartz:0" />
    <property name="org.eclipse.debug.ui.breakpoints.toggleFactoriesUsed" value="false" />
    <property name="java.endorsed.dirs" value="/Library/Java/JavaVirtualMachines/jdk1.7.0_45.jdk/Contents/Home/jre/lib/endorsed" />
    <property name="env.LOGNAME" value="abhisheksharma" />
    <property name="osgi.bundlestore" value="/Users/abhisheksharma/Documents/Eclipse_Nist/configuration/org.eclipse.osgi/bundles" />
    <property name="debuglevel" value="source,lines,vars" />
    <property name="ECLIPSE_HOME" value="../../../Eclipse_Nist" />
    <property name="sun.os.patch.level" value="unknown" />
    <property name="java.vendor.url" value="http://java.oracle.com/" />
    <property name="baseos" value="macosx" />
    <property name="basearch" value="x86_64" />
    <property name="java.version" value="1.7.0_45" />
    <property name="osgi.requiredJavaVersion" value="1.6" />
    <property name="osgi.os" value="macosx" />
    <property name="org.eclipse.equinox.simpleconfigurator.configUrl" value="file:org.eclipse.equinox.simpleconfigurator/bundles.info" />
    <property name="org.osgi.framework.uuid" value="0084f731-7808-0014-14bd-aa89aefac087" />
    <property name="osgi.splashPath" value="platform:/base/plugins/org.eclipse.platform" />
    <property name="java.vendor.url.bug" value="http://bugreport.sun.com/bugreport/" />
    <property name="ant.project.invoked-targets" value="build,Junit_Feature_Model_Operation,junitreport,cleanall" />
    <property name="user.name" value="abhisheksharma" />
    <property name="org.osgi.framework.version" value="1.7.0" />
    <property name="sun.io.unicode.encoding" value="UnicodeBig" />
    <property name="org.osgi.framework.system.packages" value="javax.accessibility,javax.activation,javax.activity,javax.annotation,javax.annotation.processing,javax.crypto,javax.crypto.interfaces,javax.crypto.spec,javax.imageio,javax.imageio.event,javax.imageio.metadata,javax.imageio.plugins.bmp,javax.imageio.plugins.jpeg,javax.imageio.spi,javax.imageio.stream,javax.jws,javax.jws.soap,javax.lang.model,javax.lang.model.element,javax.lang.model.type,javax.lang.model.util,javax.management,javax.management.loading,javax.management.modelmbean,javax.management.monitor,javax.management.openmbean,javax.management.relation,javax.management.remote,javax.management.remote.rmi,javax.management.timer,javax.naming,javax.naming.directory,javax.naming.event,javax.naming.ldap,javax.naming.spi,javax.net,javax.net.ssl,javax.print,javax.print.attribute,javax.print.attribute.standard,javax.print.event,javax.rmi,javax.rmi.CORBA,javax.rmi.ssl,javax.script,javax.security.auth,javax.security.auth.callback,javax.security.auth.kerberos,javax.security.auth.login,javax.security.auth.spi,javax.security.auth.x500,javax.security.cert,javax.security.sasl,javax.sound.midi,javax.sound.midi.spi,javax.sound.sampled,javax.sound.sampled.spi,javax.sql,javax.sql.rowset,javax.sql.rowset.serial,javax.sql.rowset.spi,javax.swing,javax.swing.border,javax.swing.colorchooser,javax.swing.event,javax.swing.filechooser,javax.swing.plaf,javax.swing.plaf.basic,javax.swing.plaf.metal,javax.swing.plaf.multi,javax.swing.plaf.nimbus,javax.swing.plaf.synth,javax.swing.table,javax.swing.text,javax.swing.text.html,javax.swing.text.html.parser,javax.swing.text.rtf,javax.swing.tree,javax.swing.undo,javax.tools,javax.transaction,javax.transaction.xa,javax.xml,javax.xml.bind,javax.xml.bind.annotation,javax.xml.bind.annotation.adapters,javax.xml.bind.attachment,javax.xml.bind.helpers,javax.xml.bind.util,javax.xml.crypto,javax.xml.crypto.dom,javax.xml.crypto.dsig,javax.xml.crypto.dsig.dom,javax.xml.crypto.dsig.keyinfo,javax.xml.crypto.dsig.spec,javax.xml.datatype,javax.xml.namespace,javax.xml.parsers,javax.xml.soap,javax.xml.stream,javax.xml.stream.events,javax.xml.stream.util,javax.xml.transform,javax.xml.transform.dom,javax.xml.transform.sax,javax.xml.transform.stax,javax.xml.transform.stream,javax.xml.validation,javax.xml.ws,javax.xml.ws.handler,javax.xml.ws.handler.soap,javax.xml.ws.http,javax.xml.ws.soap,javax.xml.ws.spi,javax.xml.ws.spi.http,javax.xml.ws.wsaddressing,javax.xml.xpath,org.ietf.jgss,org.omg.CORBA,org.omg.CORBA_2_3,org.omg.CORBA_2_3.portable,org.omg.CORBA.DynAnyPackage,org.omg.CORBA.ORBPackage,org.omg.CORBA.portable,org.omg.CORBA.TypeCodePackage,org.omg.CosNaming,org.omg.CosNaming.NamingContextExtPackage,org.omg.CosNaming.NamingContextPackage,org.omg.Dynamic,org.omg.DynamicAny,org.omg.DynamicAny.DynAnyFactoryPackage,org.omg.DynamicAny.DynAnyPackage,org.omg.IOP,org.omg.IOP.CodecFactoryPackage,org.omg.IOP.CodecPackage,org.omg.Messaging,org.omg.PortableInterceptor,org.omg.PortableInterceptor.ORBInitInfoPackage,org.omg.PortableServer,org.omg.PortableServer.CurrentPackage,org.omg.PortableServer.POAManagerPackage,org.omg.PortableServer.POAPackage,org.omg.PortableServer.portable,org.omg.PortableServer.ServantLocatorPackage,org.omg.SendingContext,org.omg.stub.java.rmi,org.w3c.dom,org.w3c.dom.bootstrap,org.w3c.dom.css,org.w3c.dom.events,org.w3c.dom.html,org.w3c.dom.ls,org.w3c.dom.ranges,org.w3c.dom.stylesheets,org.w3c.dom.traversal,org.w3c.dom.views,org.w3c.dom.xpath,org.xml.sax,org.xml.sax.ext,org.xml.sax.helpers" />
    <property name="sun.jnu.encoding" value="UTF-8" />
    <property name="java.runtime.name" value="Java(TM) SE Runtime Environment" />
    <property name="applicationXMI" value="org.eclipse.ui.workbench/LegacyIDE.e4xmi" />
    <property name="osgi.instance.area.default" value="file:/Users/abhisheksharma/Documents/workspace/" />
    <property name="basenl" value="en_US" />
    <property name="eclipse.launcher.name" value="Eclipse" />
    <property name="eclipse.product" value="org.eclipse.epp.package.jee.product" />
    <property name="java.specification.name" value="Java Platform API Specification" />
    <property name="org.osgi.supports.framework.fragment" value="true" />
    <property name="ftp.nonProxyHosts" value="local|*.local|169.254/16|*.169.254/16" />
    <property name="user.timezone" value="" />
    <property name="org.osgi.framework.system.capabilities" value="osgi.ee; osgi.ee=&quot;OSGi/Minimum&quot;; version:List&lt;Version&gt;=&quot;1.0, 1.1, 1.2&quot;,osgi.ee; osgi.ee=&quot;JRE&quot;; version:List&lt;Version&gt;=&quot;1.0, 1.1&quot;,osgi.ee; osgi.ee=&quot;JavaSE&quot;; version:List&lt;Version&gt;=&quot;1.0, 1.1, 1.2, 1.3, 1.4, 1.5, 1.6, 1.7&quot;" />
    <property name="osgi.nl" value="en_US" />
    <property name="path.separator" value=":" />
    <property name="file.encoding" value="US-ASCII" />
    <property name="osgi.arch" value="x86_64" />
    <property name="ant.project.default-target" value="build" />
    <property name="env.HOME" value="/Users/abhisheksharma" />
    <property name="sun.java.command" value="org.apache.tools.ant.taskdefs.optional.junit.JUnitTestRunner test.Junit_Feature_Model_Operation filtertrace=true haltOnError=false haltOnFailure=false formatter=org.apache.tools.ant.taskdefs.optional.junit.OutErrSummaryJUnitResultFormatter showoutput=false outputtoformatters=true logfailedtests=true logtestlistenerevents=false formatter=org.apache.tools.ant.taskdefs.optional.junit.XMLJUnitResultFormatter,/Users/abhisheksharma/Documents/gui_workspace/waterfall/de.ovgu.featureide.fm.ui/junit/TEST-test.Junit_Feature_Model_Operation.xml crashfile=/Users/abhisheksharma/Documents/gui_workspace/waterfall/de.ovgu.featureide.fm.ui/junitvmwatcher3000008928468129315.properties propsfile=/Users/abhisheksharma/Documents/gui_workspace/waterfall/de.ovgu.featureide.fm.ui/junit6292902188275897046.properties" />
    <property name="ant.file.de.ovgu.featureide.fm.ui" value="/Users/abhisheksharma/Documents/gui_workspace/waterfall/de.ovgu.featureide.fm.ui/build.xml" />
    <property name="socksNonProxyHosts" value="local|*.local|169.254/16|*.169.254/16" />
    <property name="ant.file" value="/Users/abhisheksharma/Documents/gui_workspace/waterfall/de.ovgu.featureide.fm.ui/build.xml" />
    <property name="org.osgi.supports.framework.requirebundle" value="true" />
    <property name="org.eclipse.swt.internal.carbon.smallFonts" value="" />
    <property name="osgi.bundles.defaultStartLevel" value="4" />
    <property name="osgi.bundles" value="reference:file:org.eclipse.equinox.simpleconfigurator_1.0.400.v20130327-2119.jar@1:start" />
    <property name="java.io.tmpdir" value="/var/folders/mm/k7sfj_vj7jvfl0sj8xb539cr0000gn/T/" />
    <property name="org.osgi.framework.os.name" value="MacOSX" />
    <property name="equinox.use.ds" value="true" />
    <property name="user.language" value="en" />
    <property name="line.separator" value="&#xa;" />
    <property name="target" value="1.6" />
    <property name="javacTarget" value="1.6" />
    <property name="org.osgi.framework.processor" value="x86-64" />
    <property name="java.vm.info" value="mixed mode" />
    <property name="osgi.manifest.cache" value="/Users/abhisheksharma/Documents/Eclipse_Nist/configuration/org.eclipse.osgi/manifests" />
    <property name="source" value="1.6" />
    <property name="osgi.splashLocation" value="/Users/abhisheksharma/Documents/Eclipse_Nist/plugins/org.eclipse.platform_4.3.2.v20140206-1000/splash.bmp" />
    <property name="java.vm.specification.name" value="Java Virtual Machine Specification" />
    <property name="javacSource" value="1.6" />
    <property name="env.__CF_USER_TEXT_ENCODING" value="0x1F5:0x0:0x0" />
    <property name="eclipse.vm" value="/Library/Java/JavaVirtualMachines/jdk1.7.0_45.jdk/Contents/Home/bin/../jre/lib/server/libjvm.dylib" />
    <property name="http.nonProxyHosts" value="local|*.local|169.254/16|*.169.254/16" />
    <property name="osgi.configuration.area" value="file:/Users/abhisheksharma/Documents/Eclipse_Nist/configuration/" />
    <property name="java.awt.printerjob" value="sun.lwawt.macosx.CPrinterJob" />
    <property name="basews" value="cocoa" />
    <property name="de.ovgu.featureide.fm.core.location" value="../de.ovgu.featureide.fm.core" />
    <property name="ant.version" value="Apache Ant(TM) version 1.8.4 compiled on May 22 2012" />
    <property name="env.XPC_FLAGS" value="0x0" />
    <property name="osgi.ws" value="cocoa" />
    <property name="gopherProxySet" value="false" />
    <property name="org.osgi.supports.framework.extension" value="true" />
    <property name="eclipse.p2.data.area" value="@config.dir/../p2/" />
    <property name="osgi.framework.extensions" value="" />
    <property name="gosh.args" value="--nointeractive" />
    <property name="org.osgi.framework.language" value="en" />
    <property name="os.name" value="Mac OS X" />
    <property name="eclipse.home.location" value="file:/Users/abhisheksharma/Documents/Eclipse_Nist/" />
    <property name="java.specification.vendor" value="Oracle Corporation" />
    <property name="eclipse.vmargs" value="-Dosgi.requiredJavaVersion=1.6&#xa;-XstartOnFirstThread&#xa;-Dorg.eclipse.swt.internal.carbon.smallFonts&#xa;-XX:MaxPermSize=256m&#xa;-Xms40m&#xa;-Xmx512m&#xa;-Xdock:icon=../Resources/Eclipse.icns&#xa;-XstartOnFirstThread&#xa;-Dorg.eclipse.swt.internal.carbon.smallFonts&#xa;-Djava.class.path=/Users/abhisheksharma/Documents/Eclipse_Nist/Eclipse.app/Contents/MacOS//../../../plugins/org.eclipse.equinox.launcher_1.3.0.v20130327-1440.jar&#xa;" />
    <property name="env.APP_ICON_4348" value="../Resources/Eclipse.icns" />
    <property name="java.vm.name" value="Java HotSpot(TM) 64-Bit Server VM" />
    <property name="eclipse.buildId" value="4.3.2.M20140206-1000" />
    <property name="java.library.path" value="/Users/abhisheksharma/Library/Java/Extensions:/Library/Java/Extensions:/Network/Library/Java/Extensions:/System/Library/Java/Extensions:/usr/lib/java:." />
    <property name="env.PATH" value="/usr/bin:/bin:/usr/sbin:/sbin" />
    <property name="ant.java.version" value="1.7" />
    <property name="eclipse.commands" value="-os&#xa;macosx&#xa;-ws&#xa;cocoa&#xa;-arch&#xa;x86_64&#xa;-showsplash&#xa;-launcher&#xa;/Users/abhisheksharma/Documents/Eclipse_Nist/Eclipse.app/Contents/MacOS/eclipse&#xa;-name&#xa;Eclipse&#xa;--launcher.library&#xa;/Users/abhisheksharma/Documents/Eclipse_Nist/Eclipse.app/Contents/MacOS//../../../plugins/org.eclipse.equinox.launcher.cocoa.macosx.x86_64_1.1.200.v20140116-2212/eclipse_1508.so&#xa;-startup&#xa;/Users/abhisheksharma/Documents/Eclipse_Nist/Eclipse.app/Contents/MacOS//../../../plugins/org.eclipse.equinox.launcher_1.3.0.v20130327-1440.jar&#xa;--launcher.appendVmargs&#xa;-product&#xa;org.eclipse.epp.package.jee.product&#xa;-keyring&#xa;/Users/abhisheksharma/.eclipse_keyring&#xa;-showlocation&#xa;-vm&#xa;/Library/Java/JavaVirtualMachines/jdk1.7.0_45.jdk/Contents/Home/bin/../jre/lib/server/libjvm.dylib&#xa;" />
    <property name="basedir" value="/Users/abhisheksharma/Documents/gui_workspace/waterfall/de.ovgu.featureide.fm.ui" />
    <property name="java.class.version" value="51.0" />
    <property name="osgi.syspath" value="/Users/abhisheksharma/Documents/Eclipse_Nist/plugins" />
    <property name="ant.home" value="/Users/abhisheksharma/Documents/Eclipse_Nist/plugins/org.apache.ant_1.8.4.v201303080030" />
    <property name="org.eclipse.equinox.launcher.splash.location" value="/Users/abhisheksharma/Documents/Eclipse_Nist/plugins/org.eclipse.platform_4.3.2.v20140206-1000/splash.bmp" />
    <property name="osgi.instance.area" value="file:/Users/abhisheksharma/Documents/gui_workspace/" />
    <property name="osgi.install.area" value="file:/Users/abhisheksharma/Documents/Eclipse_Nist/" />
    <property name="sun.boot.library.path" value="/Library/Java/JavaVirtualMachines/jdk1.7.0_45.jdk/Contents/Home/jre/lib" />
    <property name="sun.management.compiler" value="HotSpot 64-Bit Tiered Compilers" />
    <property name="java.awt.graphicsenv" value="sun.awt.CGraphicsEnvironment" />
    <property name="ant.file.type.de.ovgu.featureide.fm.ui" value="file" />
    <property name="env.USER" value="abhisheksharma" />
    <property name="ant.project.name" value="de.ovgu.featureide.fm.ui" />
    <property name="java.vm.specification.version" value="1.7" />
    <property name="eclipse.running" value="true" />
    <property name="awt.toolkit" value="sun.lwawt.macosx.LWCToolkit" />
    <property name="javacVerbose" value="false" />
    <property name="sun.cpu.isalist" value="" />
    <property name="org.eclipse.update.reconcile" value="false" />
    <property name="java.ext.dirs" value="/Users/abhisheksharma/Library/Java/Extensions:/Library/Java/JavaVirtualMachines/jdk1.7.0_45.jdk/Contents/Home/jre/lib/ext:/Library/Java/Extensions:/Network/Library/Java/Extensions:/System/Library/Java/Extensions:/usr/lib/java" />
    <property name="osgi.framework.version" value="3.9.1.v20140110-1610" />
    <property name="os.version" value="10.10" />
    <property name="eclipse.launcher" value="/Users/abhisheksharma/Documents/Eclipse_Nist/Eclipse.app/Contents/MacOS/eclipse" />
    <property name="user.home" value="/Users/abhisheksharma" />
    <property name="java.vm.vendor" value="Oracle Corporation" />
    <property name="org.apache.commons.logging.Log" value="org.apache.commons.logging.impl.NoOpLog" />
    <property name="junit.output.dir" value="junit" />
    <property name="env.XPC_SERVICE_NAME" value="org.eclipse.platform.ide.29852" />
    <property name="user.dir" value="/Users/abhisheksharma/Documents/Eclipse_Nist/Eclipse.app/Contents/MacOS" />
    <property name="org.osgi.framework.os.version" value="10.10.0" />
    <property name="osgi.framework.shape" value="jar" />
    <property name="javacFailOnError" value="false" />
    <property name="sun.cpu.endian" value="little" />
    <property name="env.TMPDIR" value="/var/folders/mm/k7sfj_vj7jvfl0sj8xb539cr0000gn/T/" />
    <property name="eclipse.startTime" value="1405027304668" />
    <property name="java.vm.version" value="24.45-b08" />
    <property name="java.class.path" value="/Users/abhisheksharma/Documents/Eclipse_Nist/plugins/org.eclipse.ui_3.105.0.v20130522-1122.jar:/Users/abhisheksharma/Documents/Eclipse_Nist/plugins/org.eclipse.swt_3.102.1.v20140206-1334.jar:/Users/abhisheksharma/Documents/Eclipse_Nist/plugins/org.eclipse.swt.cocoa.macosx.x86_64_3.102.1.v20140206-1358.jar:/Users/abhisheksharma/Documents/Eclipse_Nist/plugins/org.eclipse.jface_3.9.1.v20130725-1141.jar:/Users/abhisheksharma/Documents/Eclipse_Nist/plugins/org.eclipse.core.commands_3.6.100.v20130515-1857.jar:/Users/abhisheksharma/Documents/Eclipse_Nist/plugins/org.eclipse.ui.workbench_3.105.2.v20140129-0034.jar:/Users/abhisheksharma/Documents/Eclipse_Nist/plugins/org.eclipse.e4.ui.workbench3_0.12.0.v20130515-1857.jar:/Users/abhisheksharma/Documents/Eclipse_Nist/plugins/org.eclipse.core.runtime_3.9.100.v20131218-1515.jar:/Users/abhisheksharma/Documents/Eclipse_Nist/plugins/javax.annotation_1.1.0.v201209060031.jar:/Users/abhisheksharma/Documents/Eclipse_Nist/plugins/javax.inject_1.0.0.v20091030.jar:/Users/abhisheksharma/Documents/Eclipse_Nist/plugins/org.eclipse.osgi_3.9.1.v20140110-1610.jar:/Users/abhisheksharma/Documents/Eclipse_Nist/plugins/org.eclipse.equinox.common_3.6.200.v20130402-1505.jar:/Users/abhisheksharma/Documents/Eclipse_Nist/plugins/org.eclipse.core.jobs_3.5.300.v20130429-1813.jar:/Users/abhisheksharma/Documents/Eclipse_Nist/plugins/org.eclipse.core.runtime.compatibility.registry_3.5.200.v20130514-1256/runtime_registry_compatibility.jar:/Users/abhisheksharma/Documents/Eclipse_Nist/plugins/org.eclipse.equinox.registry_3.5.301.v20130717-1549.jar:/Users/abhisheksharma/Documents/Eclipse_Nist/plugins/org.eclipse.equinox.preferences_3.5.100.v20130422-1538.jar:/Users/abhisheksharma/Documents/Eclipse_Nist/plugins/org.eclipse.core.contenttype_3.4.200.v20130326-1255.jar:/Users/abhisheksharma/Documents/Eclipse_Nist/plugins/org.eclipse.equinox.app_1.3.100.v20130327-1442.jar:/Users/abhisheksharma/Documents/Eclipse_Nist/plugins/org.eclipse.jface.text_3.8.101.v20130802-1147.jar:/Users/abhisheksharma/Documents/Eclipse_Nist/plugins/org.eclipse.text_3.5.300.v20130515-1451.jar:/Users/abhisheksharma/Documents/Eclipse_Nist/plugins/org.eclipse.ui.editors_3.8.100.v20130513-1637.jar:/Users/abhisheksharma/Documents/Eclipse_Nist/plugins/org.eclipse.core.filebuffers_3.5.300.v20130225-1821.jar:/Users/abhisheksharma/Documents/Eclipse_Nist/plugins/org.eclipse.ui.workbench.texteditor_3.8.101.v20130729-1318.jar:/Users/abhisheksharma/Documents/Eclipse_Nist/plugins/org.eclipse.ui.ide_3.9.2.v20131004-0923.jar:/Users/abhisheksharma/Documents/Eclipse_Nist/plugins/org.eclipse.jdt.ui_3.9.2.v20131106-1600.jar:/Users/abhisheksharma/Documents/Eclipse_Nist/plugins/org.eclipse.debug.ui_3.9.0.v20130516-1713.jar:/Users/abhisheksharma/Documents/Eclipse_Nist/plugins/org.eclipse.debug.core_3.8.0.v20130514-0954.jar:/Users/abhisheksharma/Documents/Eclipse_Nist/plugins/org.eclipse.core.resources_3.8.101.v20130717-0806.jar:/Users/abhisheksharma/Documents/Eclipse_Nist/plugins/org.eclipse.jdt.debug.ui_3.6.200.v20130514-0841.jar:/Users/abhisheksharma/Documents/Eclipse_Nist/plugins/org.eclipse.ui.views_3.6.100.v20130326-1250.jar:/Users/abhisheksharma/Documents/Eclipse_Nist/plugins/org.eclipse.gef_3.9.0.201308190730.jar:/Users/abhisheksharma/Documents/Eclipse_Nist/plugins/org.eclipse.draw2d_3.9.0.201308190730.jar:/Users/abhisheksharma/Documents/Eclipse_Nist/plugins/org.junit_4.11.0.v201303080030/junit.jar:/Users/abhisheksharma/Documents/Eclipse_Nist/plugins/org.hamcrest.core_1.3.0.v201303031735.jar:/Users/abhisheksharma/Documents/Eclipse_Nist/plugins/org.eclipse.xtext_2.6.0.v201405210727.jar:/Users/abhisheksharma/Documents/Eclipse_Nist/plugins/org.eclipse.emf.ecore.xmi_2.9.1.v20131212-0545.jar:/Users/abhisheksharma/Documents/Eclipse_Nist/plugins/org.eclipse.emf.ecore_2.9.2.v20131212-0545.jar:/Users/abhisheksharma/Documents/Eclipse_Nist/plugins/org.eclipse.emf.common_2.9.2.v20131212-0545.jar:/Users/abhisheksharma/Documents/Eclipse_Nist/plugins/org.antlr.runtime_3.2.0.v201101311130.jar:/Users/abhisheksharma/Documents/Eclipse_Nist/plugins/com.google.inject_3.0.0.v201203062045.jar:/Users/abhisheksharma/Documents/Eclipse_Nist/plugins/org.eclipse.emf.mwe.core_1.2.1.v201309030422.jar:/Users/abhisheksharma/Documents/Eclipse_Nist/plugins/org.apache.commons.cli_1.2.0.v201105210650.jar:/Users/abhisheksharma/Documents/Eclipse_Nist/plugins/org.eclipse.emf.mwe2.runtime_2.4.1.v201309030422.jar:/Users/abhisheksharma/Documents/Eclipse_Nist/plugins/org.eclipse.emf.mwe.utils_1.3.1.v201309030422.jar:/Users/abhisheksharma/Documents/Eclipse_Nist/plugins/org.eclipse.xtext.util_2.6.0.v201405210727.jar:/Users/abhisheksharma/Documents/Eclipse_Nist/plugins/com.google.guava_12.0.0.v201212092141.jar:/Users/abhisheksharma/Documents/Eclipse_Nist/plugins/org.eclipse.xtext.xbase_2.6.0.v201405210727.jar:/Users/abhisheksharma/Documents/Eclipse_Nist/plugins/org.eclipse.xtext.common.types_2.6.0.v201405210727.jar:/Users/abhisheksharma/Documents/Eclipse_Nist/plugins/org.eclipse.xtend.lib_2.6.0.v201405210727.jar:/Users/abhisheksharma/Documents/Eclipse_Nist/plugins/org.eclipse.xtext.xbase.lib_2.6.0.v201405210727.jar:/Users/abhisheksharma/Documents/Eclipse_Nist/plugins/org.apache.log4j_1.2.15.v201012070815.jar:/Users/abhisheksharma/Documents/Eclipse_Nist/plugins/org.apache.commons.logging_1.1.1.v201101211721.jar:/Users/abhisheksharma/Documents/Eclipse_Nist/plugins/org.eclipse.jdt.core_3.9.2.v20140114-1555.jar:/Users/abhisheksharma/Documents/Eclipse_Nist/plugins/org.eclipse.jdt.compiler.apt_1.0.600.v20130530-1010.jar:/Users/abhisheksharma/Documents/Eclipse_Nist/plugins/org.eclipse.jdt.compiler.tool_1.0.200.v20130530-1010.jar:/Users/abhisheksharma/Documents/gui_workspace/waterfall/de.ovgu.featureide.fm.ui/bin:/Users/abhisheksharma/Documents/gui_workspace/waterfall/de.ovgu.featureide.fm.core/lib/annotations.jar:/Users/abhisheksharma/Documents/Eclipse_Nist/plugins/org.apache.ant_1.8.4.v201303080030/lib/ant-launcher.jar:/Users/abhisheksharma/Documents/Eclipse_Nist/plugins/org.apache.ant_1.8.4.v201303080030/lib/ant.jar:/Users/abhisheksharma/Documents/Eclipse_Nist/plugins/org.apache.ant_1.8.4.v201303080030/lib/ant-junit.jar:/Users/abhisheksharma/Documents/Eclipse_Nist/plugins/org.apache.ant_1.8.4.v201303080030/lib/ant-junit4.jar" />
    <property name="ant.library.dir" value="/Users/abhisheksharma/Documents/Eclipse_Nist/plugins/org.apache.ant_1.8.4.v201303080030/lib" />
    <property name="os.arch" value="x86_64" />
    <property name="env.Apple_PubSub_Socket_Render" value="/private/tmp/com.apple.launchd.0C4lx9ixZW/Render" />
    <property name="env.JAVA_STARTED_ON_FIRST_THREAD_4348" value="1" />
    <property name="eclipse.p2.profile" value="epp.package.jee" />
    <property name="sun.java.launcher" value="SUN_STANDARD" />
    <property name="org.eclipse.m2e.log.dir" value="/Users/abhisheksharma/Documents/gui_workspace/.metadata/.plugins/org.eclipse.m2e.logback.configuration" />
    <property name="org.osgi.framework.vendor" value="Eclipse" />
    <property name="ant.core.lib" value="/Users/abhisheksharma/Documents/Eclipse_Nist/plugins/org.apache.ant_1.8.4.v201303080030/lib/ant.jar" />
    <property name="osgi.tracefile" value="/Users/abhisheksharma/Documents/gui_workspace/.metadata/trace.log" />
    <property name="java.vm.specification.vendor" value="Oracle Corporation" />
    <property name="file.separator" value="/" />
    <property name="java.runtime.version" value="1.7.0_45-b18" />
    <property name="sun.boot.class.path" value="/Library/Java/JavaVirtualMachines/jdk1.7.0_45.jdk/Contents/Home/jre/lib/resources.jar:/Library/Java/JavaVirtualMachines/jdk1.7.0_45.jdk/Contents/Home/jre/lib/rt.jar:/Library/Java/JavaVirtualMachines/jdk1.7.0_45.jdk/Contents/Home/jre/lib/sunrsasign.jar:/Library/Java/JavaVirtualMachines/jdk1.7.0_45.jdk/Contents/Home/jre/lib/jsse.jar:/Library/Java/JavaVirtualMachines/jdk1.7.0_45.jdk/Contents/Home/jre/lib/jce.jar:/Library/Java/JavaVirtualMachines/jdk1.7.0_45.jdk/Contents/Home/jre/lib/charsets.jar:/Library/Java/JavaVirtualMachines/jdk1.7.0_45.jdk/Contents/Home/jre/lib/jfr.jar:/Library/Java/JavaVirtualMachines/jdk1.7.0_45.jdk/Contents/Home/jre/lib/JObjC.jar:/Library/Java/JavaVirtualMachines/jdk1.7.0_45.jdk/Contents/Home/jre/classes" />
    <property name="env.SSH_AUTH_SOCK" value="/private/tmp/com.apple.launchd.VHACdWkEZP/Listeners" />
    <property name="user.country" value="US" />
    <property name="env.SHELL" value="/bin/bash" />
    <property name="osgi.logfile" value="/Users/abhisheksharma/Documents/gui_workspace/.metadata/.log" />
    <property name="javacDebugInfo" value="on" />
    <property name="java.vendor" value="Oracle Corporation" />
    <property name="bootclasspath" value="/Library/Java/JavaVirtualMachines/jdk1.7.0_45.jdk/Contents/Home/jre/lib/resources.jar;/Library/Java/JavaVirtualMachines/jdk1.7.0_45.jdk/Contents/Home/jre/lib/rt.jar;/Library/Java/JavaVirtualMachines/jdk1.7.0_45.jdk/Contents/Home/jre/lib/jsse.jar;/Library/Java/JavaVirtualMachines/jdk1.7.0_45.jdk/Contents/Home/jre/lib/jce.jar;/Library/Java/JavaVirtualMachines/jdk1.7.0_45.jdk/Contents/Home/jre/lib/charsets.jar;/Library/Java/JavaVirtualMachines/jdk1.7.0_45.jdk/Contents/Home/jre/lib/jfr.jar;/Library/Java/JavaVirtualMachines/jdk1.7.0_45.jdk/Contents/Home/jre/lib/JObjC.jar;/Library/Java/JavaVirtualMachines/jdk1.7.0_45.jdk/Contents/Home/jre/lib/ext/dnsns.jar;/Library/Java/JavaVirtualMachines/jdk1.7.0_45.jdk/Contents/Home/jre/lib/ext/localedata.jar;/Library/Java/JavaVirtualMachines/jdk1.7.0_45.jdk/Contents/Home/jre/lib/ext/sunec.jar;/Library/Java/JavaVirtualMachines/jdk1.7.0_45.jdk/Contents/Home/jre/lib/ext/sunjce_provider.jar;/Library/Java/JavaVirtualMachines/jdk1.7.0_45.jdk/Contents/Home/jre/lib/ext/sunpkcs11.jar;/Library/Java/JavaVirtualMachines/jdk1.7.0_45.jdk/Contents/Home/jre/lib/ext/zipfs.jar;/System/Library/Java/Extensions/MRJToolkit.jar" />
    <property name="java.specification.version" value="1.7" />
    <property name="sun.arch.data.model" value="64" />
  </properties>
  <error message="de/ovgu/featureide/fm/core/Feature" type="java.lang.NoClassDefFoundError">java.lang.NoClassDefFoundError: de/ovgu/featureide/fm/core/Feature
	at java.lang.Class.forName0(Native Method)
	at java.lang.Class.forName(Class.java:190)
Caused by: java.lang.ClassNotFoundException: de.ovgu.featureide.fm.core.Feature
	at java.net.URLClassLoader$1.run(URLClassLoader.java:366)
	at java.net.URLClassLoader$1.run(URLClassLoader.java:355)
	at java.security.AccessController.doPrivileged(Native Method)
	at java.net.URLClassLoader.findClass(URLClassLoader.java:354)
	at java.lang.ClassLoader.loadClass(ClassLoader.java:425)
	at sun.misc.Launcher$AppClassLoader.loadClass(Launcher.java:308)
	at java.lang.ClassLoader.loadClass(ClassLoader.java:358)
</error>
  <system-out><![CDATA[]]></system-out>
  <system-err><![CDATA[]]></system-err>
</testsuite>
